<?xml version="1.0" encoding="UTF-8"?>
<!-- Generated by org.testng.reporters.JUnitReportReporter -->
<testsuite skipped="0" hostname="ETP-QATEST9" name="DriverScript.Ssclassification" tests="6" failures="0" timestamp="17 Mar 2021 13:21:42 GMT" time="564.296" errors="0">
  <testcase name="testData" time="171.809" classname="DriverScript.Ssclassification"/>
  <testcase name="dbPIMSupersession" time="2.310" classname="DriverScript.Ssclassification"/>
  <testcase name="dbDLYSupersession" time="180.110" classname="DriverScript.Ssclassification"/>
  <testcase name="dbSKU" time="78.740" classname="DriverScript.Ssclassification"/>
  <testcase name="dbSKUReject" time="109.304" classname="DriverScript.Ssclassification"/>
  <testcase name="dbCompare" time="22.023" classname="DriverScript.Ssclassification"/>
</testsuite> <!-- DriverScript.Ssclassification -->
