<?xml version="1.0" encoding="UTF-8"?>
<!-- Generated by org.testng.reporters.JUnitReportReporter -->
<testsuite skipped="0" hostname="ETP-QATEST9" name="DriverScript.JDA" tests="3" failures="0" timestamp="19 Mar 2021 14:07:34 GMT" time="314.740" errors="0">
  <testcase name="JDAPIMSupersession" time="88.387" classname="DriverScript.JDA"/>
  <testcase name="JDADemandWorkBench" time="121.161" classname="DriverScript.JDA"/>
  <testcase name="JDASupersession" time="105.192" classname="DriverScript.JDA"/>
</testsuite> <!-- DriverScript.JDA -->
